<?xml version="1.0" encoding="UTF-8"?>
<testsuite xmlns:xsi="http://www.w3.org/2001/XMLSchema-instance" xsi:noNamespaceSchemaLocation="https://maven.apache.org/surefire/maven-surefire-plugin/xsd/surefire-test-report.xsd" version="3.0.2" name="com.example.second_wind.SecondWindApplicationTests" time="5.872" tests="1" errors="0" skipped="0" failures="0">
  <properties>
[...]
</properties>
  <testcase name="contextLoads" classname="com.example.second_wind.SecondWindApplicationTests" time="0.686">
    <system-out><![CDATA[10:00:44.924 [main] INFO org.springframework.test.context.support.AnnotationConfigContextLoaderUtils -- Could not detect default configuration classes for test class [com.example.second_wind.SecondWindApplicationTests]: SecondWindApplicationTests does not declare any static, non-private, non-final, nested classes annotated with @Configuration.
10:00:45.055 [main] INFO org.springframework.boot.test.context.SpringBootTestContextBootstrapper -- Found @SpringBootConfiguration com.example.second_wind.SecondWindApplication for test class com.example.second_wind.SecondWindApplicationTests

  .   ____          _            __ _ _
 /\\ / ___'_ __ _ _(_)_ __  __ _ \ \ \ \
( ( )\___ | '_ | '_| | '_ \/ _` | \ \ \ \
 \\/  ___)| |_)| | | | | || (_| |  ) ) ) )
  '  |____| .__|_| |_|_| |_\__, | / / / /
 =========|_|==============|___/=/_/_/_/

 :: Spring Boot ::                (v3.4.5)

2026-05-23T10:00:45.433-05:00  INFO 65708 --- [second-wind] [           main] c.e.s.SecondWindApplicationTests         : Starting SecondWindApplicationTests using Java 25 with PID 65708 (started by pavikonda in /Users/pavikonda/second-wind/backend)
2026-05-23T10:00:45.434-05:00  INFO 65708 --- [second-wind] [           main] c.e.s.SecondWindApplicationTests         : No active profile set, falling back to 1 default profile: "default"
2026-05-23T10:00:46.250-05:00  INFO 65708 --- [second-wind] [           main] .s.d.r.c.RepositoryConfigurationDelegate : Bootstrapping Spring Data JPA repositories in DEFAULT mode.
2026-05-23T10:00:46.415-05:00  INFO 65708 --- [second-wind] [           main] .s.d.r.c.RepositoryConfigurationDelegate : Finished Spring Data repository scanning in 155 ms. Found 5 JPA repository interfaces.
2026-05-23T10:00:46.916-05:00  INFO 65708 --- [second-wind] [           main] o.hibernate.jpa.internal.util.LogHelper  : HHH000204: Processing PersistenceUnitInfo [name: default]
2026-05-23T10:00:46.965-05:00  INFO 65708 --- [second-wind] [           main] org.hibernate.Version                    : HHH000412: Hibernate ORM core version 6.6.13.Final
2026-05-23T10:00:47.001-05:00  INFO 65708 --- [second-wind] [           main] o.h.c.internal.RegionFactoryInitiator    : HHH000026: Second-level cache disabled
2026-05-23T10:00:47.298-05:00  INFO 65708 --- [second-wind] [           main] o.s.o.j.p.SpringPersistenceUnitInfo      : No LoadTimeWeaver setup: ignoring JPA class transformer
2026-05-23T10:00:47.329-05:00  INFO 65708 --- [second-wind] [           main] com.zaxxer.hikari.HikariDataSource       : HikariPool-1 - Starting...
2026-05-23T10:00:47.562-05:00  INFO 65708 --- [second-wind] [           main] com.zaxxer.hikari.pool.HikariPool        : HikariPool-1 - Added connection org.postgresql.jdbc.PgConnection@1dfcf85a
2026-05-23T10:00:47.563-05:00  INFO 65708 --- [second-wind] [           main] com.zaxxer.hikari.HikariDataSource       : HikariPool-1 - Start completed.
2026-05-23T10:00:47.597-05:00  WARN 65708 --- [second-wind] [           main] org.hibernate.orm.deprecation            : HHH90000025: PostgreSQLDialect does not need to be specified explicitly using 'hibernate.dialect' (remove the property setting and it will be selected by default)
2026-05-23T10:00:47.621-05:00  INFO 65708 --- [second-wind] [           main] org.hibernate.orm.connections.pooling    : HHH10001005: Database info:
	Database JDBC URL [Connecting through datasource 'HikariDataSource (HikariPool-1)']
	Database driver: undefined/unknown
	Database version: 18.3
	Autocommit mode: undefined/unknown
	Isolation level: undefined/unknown
	Minimum pool size: undefined/unknown
	Maximum pool size: undefined/unknown
2026-05-23T10:00:48.635-05:00  INFO 65708 --- [second-wind] [           main] o.h.e.t.j.p.i.JtaPlatformInitiator       : HHH000489: No JTA platform available (set 'hibernate.transaction.jta.platform' to enable JTA platform integration)
2026-05-23T10:00:48.681-05:00  INFO 65708 --- [second-wind] [           main] j.LocalContainerEntityManagerFactoryBean : Initialized JPA EntityManagerFactory for persistence unit 'default'
2026-05-23T10:00:49.064-05:00  INFO 65708 --- [second-wind] [           main] r$InitializeUserDetailsManagerConfigurer : Global AuthenticationManager configured with UserDetailsService bean with name userDetailsServiceImpl
2026-05-23T10:00:49.336-05:00  WARN 65708 --- [second-wind] [           main] JpaBaseConfiguration$JpaWebConfiguration : spring.jpa.open-in-view is enabled by default. Therefore, database queries may be performed during view rendering. Explicitly configure spring.jpa.open-in-view to disable this warning
2026-05-23T10:00:49.954-05:00  INFO 65708 --- [second-wind] [           main] c.e.s.SecondWindApplicationTests         : Started SecondWindApplicationTests in 4.764 seconds (process running for 5.743)
]]></system-out>
    <system-err><![CDATA[Mockito is currently self-attaching to enable the inline-mock-maker. This will no longer work in future releases of the JDK. Please add Mockito as an agent to your build what is described in Mockito's documentation: https://javadoc.io/doc/org.mockito/mockito-core/latest/org/mockito/Mockito.html#0.3
WARNING: A Java agent has been loaded dynamically (/Users/pavikonda/.m2/repository/net/bytebuddy/byte-buddy-agent/1.15.11/byte-buddy-agent-1.15.11.jar)
WARNING: If a serviceability tool is in use, please run with -XX:+EnableDynamicAgentLoading to hide this warning
WARNING: If a serviceability tool is not in use, please run with -Djdk.instrument.traceUsage for more information
WARNING: Dynamic loading of agents will be disallowed by default in a future release
]]></system-err>
  </testcase>
</testsuite>